<?xml version="1.0" encoding="UTF-8"?>
<testng-results ignored="0" total="1" passed="1" failed="0" skipped="0">
  <reporter-output>
  </reporter-output>
  <suite started-at="2023-10-13T17:55:59 IST" name="Default suite" finished-at="2023-10-13T17:55:59 IST" duration-ms="176">
    <groups>
    </groups>
    <test started-at="2023-10-13T17:55:59 IST" name="Default test" finished-at="2023-10-13T17:55:59 IST" duration-ms="176">
      <class name="javaAsk.Altimetrik">
        <test-method signature="countChar()[pri:0, instance:javaAsk.Altimetrik@72cc7e6f]" started-at="2023-10-13T17:55:59 IST" name="countChar" finished-at="2023-10-13T17:55:59 IST" duration-ms="26" status="PASS">
          <reporter-output>
          </reporter-output>
        </test-method> <!-- countChar -->
      </class> <!-- javaAsk.Altimetrik -->
    </test> <!-- Default test -->
  </suite> <!-- Default suite -->
</testng-results>
